<?xml version="1.0" encoding="UTF-8"?>
<!-- Generated by org.testng.reporters.JUnitXMLReporter -->
<testsuite ignored="2" hostname="PTL594" failures="0" tests="2" name="Test" time="19.414" errors="0" timestamp="2023-11-23T12:22:30 IST">
  <testcase classname="central.reports.Loyalty_Configuration" name="Loyalty" time="6.983"/>
  <testcase classname="central.reports.Offers" name="offers" time="4.056"/>
  <testcase classname="central.reports.Baseclass" name="@AfterTest Close" time="0.0">
    <ignored/>
  </testcase> <!-- @AfterTest Close -->
  <testcase classname="central.reports.Baseclass" name="@BeforeTest Logininfo" time="0.0">
    <ignored/>
  </testcase> <!-- @BeforeTest Logininfo -->
</testsuite> <!-- Test -->
