<?xml version="1.0" encoding="UTF-8"?>
<testng-results ignored="0" total="2" passed="2" failed="0" skipped="0">
  <reporter-output>
  </reporter-output>
  <suite started-at="2023-11-23T12:22:11 IST" name="Suite" finished-at="2023-11-23T12:22:30 IST" duration-ms="19414">
    <groups>
    </groups>
    <test started-at="2023-11-23T12:22:11 IST" name="Test" finished-at="2023-11-23T12:22:30 IST" duration-ms="19414">
      <class name="central.reports.Loyalty_Configuration">
        <test-method is-config="true" signature="Logininfo()[pri:0, instance:central.reports.Loyalty_Configuration@e056f20]" started-at="2023-11-23T12:22:11 IST" name="Logininfo" finished-at="2023-11-23T12:22:19 IST" duration-ms="8143" status="PASS">
          <reporter-output>
          </reporter-output>
        </test-method> <!-- Logininfo -->
        <test-method signature="Loyalty()[pri:0, instance:central.reports.Loyalty_Configuration@e056f20]" started-at="2023-11-23T12:22:19 IST" name="Loyalty" finished-at="2023-11-23T12:22:26 IST" duration-ms="6983" status="PASS">
          <reporter-output>
          </reporter-output>
        </test-method> <!-- Loyalty -->
        <test-method is-config="true" signature="Close()[pri:0, instance:central.reports.Loyalty_Configuration@e056f20]" started-at="2023-11-23T12:22:30 IST" name="Close" finished-at="2023-11-23T12:22:30 IST" duration-ms="188" status="PASS">
          <reporter-output>
          </reporter-output>
        </test-method> <!-- Close -->
      </class> <!-- central.reports.Loyalty_Configuration -->
      <class name="central.reports.Offers">
        <test-method signature="offers()[pri:0, instance:central.reports.Offers@13e39c73]" started-at="2023-11-23T12:22:26 IST" name="offers" finished-at="2023-11-23T12:22:30 IST" duration-ms="4056" status="PASS">
          <reporter-output>
          </reporter-output>
        </test-method> <!-- offers -->
      </class> <!-- central.reports.Offers -->
    </test> <!-- Test -->
  </suite> <!-- Suite -->
</testng-results>
